c:\users\sam20\desktop\chuni-hands-dependabot-nuget-chuni-hands-newtonsoft.json-13.0.1\camerahelper\debug\camerahelper.pch
c:\users\sam20\desktop\chuni-hands-dependabot-nuget-chuni-hands-newtonsoft.json-13.0.1\camerahelper\debug\vc143.pdb
c:\users\sam20\desktop\chuni-hands-dependabot-nuget-chuni-hands-newtonsoft.json-13.0.1\camerahelper\debug\pch.obj
c:\users\sam20\desktop\chuni-hands-dependabot-nuget-chuni-hands-newtonsoft.json-13.0.1\camerahelper\debug\camerahelper.obj
c:\users\sam20\desktop\chuni-hands-dependabot-nuget-chuni-hands-newtonsoft.json-13.0.1\camerahelper\debug\assemblyinfo.obj
c:\users\sam20\desktop\chuni-hands-dependabot-nuget-chuni-hands-newtonsoft.json-13.0.1\camerahelper\debug\.netframework,version=v4.7.2.assemblyattributes.obj
c:\users\sam20\desktop\chuni-hands-dependabot-nuget-chuni-hands-newtonsoft.json-13.0.1\camerahelper\debug\app.res
c:\users\sam20\desktop\chuni-hands-dependabot-nuget-chuni-hands-newtonsoft.json-13.0.1\camerahelper\debug\camerahelper.vcxproj.assemblyreference.cache
c:\users\sam20\desktop\chuni-hands-dependabot-nuget-chuni-hands-newtonsoft.json-13.0.1\debug\camerahelper.pdb
c:\users\sam20\desktop\chuni-hands-dependabot-nuget-chuni-hands-newtonsoft.json-13.0.1\camerahelper\debug\camerahelper.tlog\cl.command.1.tlog
c:\users\sam20\desktop\chuni-hands-dependabot-nuget-chuni-hands-newtonsoft.json-13.0.1\camerahelper\debug\camerahelper.tlog\cl.read.1.tlog
c:\users\sam20\desktop\chuni-hands-dependabot-nuget-chuni-hands-newtonsoft.json-13.0.1\camerahelper\debug\camerahelper.tlog\cl.write.1.tlog
c:\users\sam20\desktop\chuni-hands-dependabot-nuget-chuni-hands-newtonsoft.json-13.0.1\camerahelper\debug\camerahelper.tlog\link.1760-cvtres.read.1.tlog
c:\users\sam20\desktop\chuni-hands-dependabot-nuget-chuni-hands-newtonsoft.json-13.0.1\camerahelper\debug\camerahelper.tlog\link.1760-cvtres.write.1.tlog
c:\users\sam20\desktop\chuni-hands-dependabot-nuget-chuni-hands-newtonsoft.json-13.0.1\camerahelper\debug\camerahelper.tlog\link.1760-rc.read.1.tlog
c:\users\sam20\desktop\chuni-hands-dependabot-nuget-chuni-hands-newtonsoft.json-13.0.1\camerahelper\debug\camerahelper.tlog\link.1760-rc.write.1.tlog
c:\users\sam20\desktop\chuni-hands-dependabot-nuget-chuni-hands-newtonsoft.json-13.0.1\camerahelper\debug\camerahelper.tlog\link.1760.read.1.tlog
c:\users\sam20\desktop\chuni-hands-dependabot-nuget-chuni-hands-newtonsoft.json-13.0.1\camerahelper\debug\camerahelper.tlog\link.1760.write.1.tlog
c:\users\sam20\desktop\chuni-hands-dependabot-nuget-chuni-hands-newtonsoft.json-13.0.1\camerahelper\debug\camerahelper.tlog\link.4668-cvtres.read.1.tlog
c:\users\sam20\desktop\chuni-hands-dependabot-nuget-chuni-hands-newtonsoft.json-13.0.1\camerahelper\debug\camerahelper.tlog\link.4668-cvtres.write.1.tlog
c:\users\sam20\desktop\chuni-hands-dependabot-nuget-chuni-hands-newtonsoft.json-13.0.1\camerahelper\debug\camerahelper.tlog\link.4668-rc.read.1.tlog
c:\users\sam20\desktop\chuni-hands-dependabot-nuget-chuni-hands-newtonsoft.json-13.0.1\camerahelper\debug\camerahelper.tlog\link.4668-rc.write.1.tlog
c:\users\sam20\desktop\chuni-hands-dependabot-nuget-chuni-hands-newtonsoft.json-13.0.1\camerahelper\debug\camerahelper.tlog\link.4668.read.1.tlog
c:\users\sam20\desktop\chuni-hands-dependabot-nuget-chuni-hands-newtonsoft.json-13.0.1\camerahelper\debug\camerahelper.tlog\link.4668.write.1.tlog
c:\users\sam20\desktop\chuni-hands-dependabot-nuget-chuni-hands-newtonsoft.json-13.0.1\camerahelper\debug\camerahelper.tlog\link.command.1.tlog
c:\users\sam20\desktop\chuni-hands-dependabot-nuget-chuni-hands-newtonsoft.json-13.0.1\camerahelper\debug\camerahelper.tlog\link.read.1.tlog
c:\users\sam20\desktop\chuni-hands-dependabot-nuget-chuni-hands-newtonsoft.json-13.0.1\camerahelper\debug\camerahelper.tlog\link.write.1.tlog
c:\users\sam20\desktop\chuni-hands-dependabot-nuget-chuni-hands-newtonsoft.json-13.0.1\camerahelper\debug\camerahelper.tlog\metagen.read.1.tlog
c:\users\sam20\desktop\chuni-hands-dependabot-nuget-chuni-hands-newtonsoft.json-13.0.1\camerahelper\debug\camerahelper.tlog\metagen.write.1.tlog
c:\users\sam20\desktop\chuni-hands-dependabot-nuget-chuni-hands-newtonsoft.json-13.0.1\camerahelper\debug\camerahelper.tlog\rc.command.1.tlog
c:\users\sam20\desktop\chuni-hands-dependabot-nuget-chuni-hands-newtonsoft.json-13.0.1\camerahelper\debug\camerahelper.tlog\rc.read.1.tlog
c:\users\sam20\desktop\chuni-hands-dependabot-nuget-chuni-hands-newtonsoft.json-13.0.1\camerahelper\debug\camerahelper.tlog\rc.write.1.tlog
